Determining if the function sgemm_ exists failed with the following output:
Change Dir: C:/Users/Matvey/Desktop/2tp/zaitsev_m_v/zaitsev_m_v/cmake-build-debug/CMakeFiles/CMakeTmp

Run Build Command(s):E:/CLion 2022.2.4/bin/ninja/win/ninja.exe cmTC_cfe71 && [1/2] Building C object CMakeFiles/cmTC_cfe71.dir/CheckFunctionExists.c.obj
[2/2] Linking C executable cmTC_cfe71.exe
FAILED: cmTC_cfe71.exe 
cmd.exe /C "cd . && "E:\CLion 2022.2.4\bin\mingw\bin\gcc.exe" -DCHECK_FUNCTION_EXISTS=sgemm_  CMakeFiles/cmTC_cfe71.dir/CheckFunctionExists.c.obj -o cmTC_cfe71.exe -Wl,--out-implib,libcmTC_cfe71.dll.a -Wl,--major-image-version,0,--minor-image-version,0  -lkernel32 -luser32 -lgdi32 -lwinspool -lshell32 -lole32 -loleaut32 -luuid -lcomdlg32 -ladvapi32 && cd ."
E:\CLion 2022.2.4\bin\mingw\bin/ld.exe: CMakeFiles/cmTC_cfe71.dir/CheckFunctionExists.c.obj:CheckFunctionExists.c:(.text+0x15): undefined reference to `sgemm_'
collect2.exe: error: ld returned 1 exit status
ninja: build stopped: subcommand failed.



Determining if the __fbufsize exist failed with the following output:
Change Dir: C:/Users/Matvey/Desktop/2tp/zaitsev_m_v/zaitsev_m_v/cmake-build-debug/CMakeFiles/CMakeTmp

Run Build Command(s):E:/CLion 2022.2.4/bin/ninja/win/ninja.exe cmTC_fd027 && [1/2] Building C object CMakeFiles/cmTC_fd027.dir/CheckSymbolExists.c.obj
FAILED: CMakeFiles/cmTC_fd027.dir/CheckSymbolExists.c.obj 
"E:\CLion 2022.2.4\bin\mingw\bin\gcc.exe"    -o CMakeFiles/cmTC_fd027.dir/CheckSymbolExists.c.obj -c C:/Users/Matvey/Desktop/2tp/zaitsev_m_v/zaitsev_m_v/cmake-build-debug/CMakeFiles/CMakeTmp/CheckSymbolExists.c
C:/Users/Matvey/Desktop/2tp/zaitsev_m_v/zaitsev_m_v/cmake-build-debug/CMakeFiles/CMakeTmp/CheckSymbolExists.c:2:10: fatal error: stdio_ext.h: No such file or directory
    2 | #include <stdio_ext.h>
      |          ^~~~~~~~~~~~~
compilation terminated.
ninja: build stopped: subcommand failed.


File C:/Users/Matvey/Desktop/2tp/zaitsev_m_v/zaitsev_m_v/cmake-build-debug/CMakeFiles/CMakeTmp/CheckSymbolExists.c:
/* */
#include <stdio_ext.h>

int main(int argc, char** argv)
{
  (void)argv;
#ifndef __fbufsize
  return ((int*)(&__fbufsize))[argc];
#else
  (void)argc;
  return 0;
#endif
}
